<?xml version="1.0" encoding="UTF-8"?>
<!-- Generated by org.testng.reporters.JUnitReportReporter -->
<testsuite hostname="Dror-Yoga3-11" name="Template" tests="1" failures="0" timestamp="21 Mar 2019 19:08:14 GMT" time="9.284" errors="0">
  <testcase name="Test2_FirefoxDriver" time="9.284" classname="Template"/>
</testsuite> <!-- Template -->
