<?xml version="1.0" encoding="UTF-8"?>
<!-- Generated by org.testng.reporters.JUnitReportReporter -->
<testsuite hostname="Dror-Yoga3-11" name="Lesson01.Test02" tests="1" failures="0" timestamp="4 Mar 2019 16:31:43 GMT" time="0.014" errors="0">
  <testcase name="test1" time="0.014" classname="Lesson01.Test02"/>
</testsuite> <!-- Lesson01.Test02 -->
