<?xml version="1.0" encoding="UTF-8"?>
<!-- Generated by org.testng.reporters.JUnitReportReporter -->
<testsuite hostname="Dror-Yoga3-11" name="Lesson03_controller.ControllersEx" tests="1" failures="0" timestamp="18 Mar 2019 17:29:44 GMT" time="0.234" errors="0">
  <testcase name="Test1_ChromeDriver" time="0.234" classname="Lesson03_controller.ControllersEx"/>
</testsuite> <!-- Lesson03_controller.ControllersEx -->
