<?xml version="1.0" encoding="UTF-8"?>
<!-- Generated by org.testng.reporters.JUnitReportReporter -->
<testsuite hostname="WIN8-CM690" name="Lesson01.Test02" tests="4" failures="0" timestamp="16 Mar 2019 21:56:34 GMT" time="0.015" errors="0">
  <testcase name="test1" time="0.000" classname="Lesson01.Test02"/>
  <testcase name="test3" time="0.015" classname="Lesson01.Test02"/>
  <testcase name="test2" time="0.000" classname="Lesson01.Test02"/>
  <testcase name="test4" time="0.000" classname="Lesson01.Test02"/>
</testsuite> <!-- Lesson01.Test02 -->
