<?xml version="1.0" encoding="UTF-8"?>
<!-- Generated by org.testng.reporters.JUnitReportReporter -->
<testsuite hostname="Dror-Yoga3-11" name="Lesson02_locators.ex01" tests="1" failures="0" timestamp="11 Mar 2019 17:35:21 GMT" time="1.634" errors="0">
  <testcase name="f" time="1.634" classname="Lesson02_locators.ex01"/>
</testsuite> <!-- Lesson02_locators.ex01 -->
