<?xml version="1.0" encoding="UTF-8"?>
<!-- Generated by org.testng.reporters.JUnitReportReporter -->
<testsuite hostname="Dror-Yoga3-11" name="Lesson01.SelenuimWebDriver" tests="1" failures="0" timestamp="4 Mar 2019 18:57:59 GMT" time="18.918" errors="0">
  <testcase name="f" time="18.918" classname="Lesson01.SelenuimWebDriver"/>
</testsuite> <!-- Lesson01.SelenuimWebDriver -->
