<?xml version="1.0" encoding="UTF-8"?>
<!-- Generated by org.testng.reporters.JUnitReportReporter -->
<testsuite hostname="Dror-Yoga3-11" name="Lesson01.Test02" tests="2" failures="0" timestamp="11 Mar 2019 17:14:09 GMT" time="0.016" errors="0">
  <testcase name="test1" time="0.000" classname="Lesson01.Test02"/>
  <testcase name="test2" time="0.016" classname="Lesson01.Test02"/>
</testsuite> <!-- Lesson01.Test02 -->
